2023-08-22 10:57:39,777 - root - INFO - Epoch 0; loss: 83.42459869384766; CER: 1.2147101163864136; WER: 1.0; val_loss: 76.0811538696289; val_CER: 1.0; val_WER: 1.0
2023-08-22 11:01:35,540 - root - INFO - Epoch 1; loss: 69.308349609375; CER: 0.9999988079071045; WER: 1.0; val_loss: 72.07701110839844; val_CER: 1.0; val_WER: 1.0
2023-08-22 11:05:31,586 - root - INFO - Epoch 2; loss: 68.64413452148438; CER: 0.9983093738555908; WER: 0.9998480081558228; val_loss: 70.55384063720703; val_CER: 0.9971414804458618; val_WER: 1.0
2023-08-22 11:09:27,388 - root - INFO - Epoch 3; loss: 67.93569946289062; CER: 0.9720973968505859; WER: 0.9801755547523499; val_loss: 68.70680236816406; val_CER: 0.9561285376548767; val_WER: 0.9645242691040039
2023-08-22 11:13:23,596 - root - INFO - Epoch 4; loss: 66.45672607421875; CER: 0.9189997315406799; WER: 0.9810889363288879; val_loss: 63.62565231323242; val_CER: 0.8166207075119019; val_WER: 1.0144323110580444
2023-08-22 11:17:19,588 - root - INFO - Epoch 5; loss: 56.38502883911133; CER: 0.7805736064910889; WER: 0.9683970808982849; val_loss: 53.277191162109375; val_CER: 0.725978434085846; val_WER: 0.9197151064872742
2023-08-22 11:21:16,158 - root - INFO - Epoch 6; loss: 48.36384963989258; CER: 0.6863511800765991; WER: 0.9045238494873047; val_loss: 43.56098556518555; val_CER: 0.6307749152183533; val_WER: 0.8642905950546265
2023-08-22 11:25:12,994 - root - INFO - Epoch 7; loss: 41.7735595703125; CER: 0.577968955039978; WER: 0.8207513093948364; val_loss: 39.39326477050781; val_CER: 0.4588678479194641; val_WER: 0.7058479189872742
2023-08-22 11:29:11,729 - root - INFO - Epoch 8; loss: 36.18360137939453; CER: 0.462510347366333; WER: 0.7172946333885193; val_loss: 33.50822830200195; val_CER: 0.4320375621318817; val_WER: 0.6836081147193909
2023-08-22 11:33:11,577 - root - INFO - Epoch 9; loss: 31.910736083984375; CER: 0.36185023188591003; WER: 0.6079670190811157; val_loss: 29.107017517089844; val_CER: 0.2986845374107361; val_WER: 0.5470827221870422
2023-08-22 11:37:12,001 - root - INFO - Epoch 10; loss: 29.113542556762695; CER: 0.3041934370994568; WER: 0.5409877896308899; val_loss: 29.207178115844727; val_CER: 0.2779146730899811; val_WER: 0.49911433458328247
2023-08-22 11:41:10,775 - root - INFO - Epoch 11; loss: 26.64504623413086; CER: 0.25304365158081055; WER: 0.48489323258399963; val_loss: 30.771028518676758; val_CER: 0.5852267742156982; val_WER: 0.8155949711799622
2023-08-22 11:45:10,829 - root - INFO - Epoch 12; loss: 24.64512062072754; CER: 0.2256547063589096; WER: 0.4519406259059906; val_loss: 22.116369247436523; val_CER: 0.20368692278862; val_WER: 0.41771838068962097
2023-08-22 11:49:11,293 - root - INFO - Epoch 13; loss: 23.04717254638672; CER: 0.20757940411567688; WER: 0.4289025068283081; val_loss: 21.795351028442383; val_CER: 0.16809795796871185; val_WER: 0.37489616870880127
2023-08-22 11:53:12,132 - root - INFO - Epoch 14; loss: 21.733673095703125; CER: 0.18959222733974457; WER: 0.40831130743026733; val_loss: 19.9500675201416; val_CER: 0.1599588841199875; val_WER: 0.3664035499095917
2023-08-22 11:57:12,456 - root - INFO - Epoch 15; loss: 20.54676628112793; CER: 0.18077687919139862; WER: 0.39441004395484924; val_loss: 21.072843551635742; val_CER: 0.1502135694026947; val_WER: 0.3551814556121826
2023-08-22 12:01:13,271 - root - INFO - Epoch 16; loss: 19.53253746032715; CER: 0.16878269612789154; WER: 0.3787195384502411; val_loss: 22.905555725097656; val_CER: 0.1944471150636673; val_WER: 0.40039893984794617
2023-08-22 12:05:12,587 - root - INFO - Epoch 17; loss: 18.682815551757812; CER: 0.16239818930625916; WER: 0.369795024394989; val_loss: 17.502065658569336; val_CER: 0.13487276434898376; val_WER: 0.3304581642150879
2023-08-22 12:09:13,175 - root - INFO - Epoch 18; loss: 17.953723907470703; CER: 0.15691518783569336; WER: 0.3607456684112549; val_loss: 17.611980438232422; val_CER: 0.196023628115654; val_WER: 0.3924216330051422
2023-08-22 12:13:13,856 - root - INFO - Epoch 19; loss: 17.582429885864258; CER: 0.1535782516002655; WER: 0.3557177484035492; val_loss: 16.839075088500977; val_CER: 0.13593906164169312; val_WER: 0.32884421944618225
2023-08-22 12:17:14,047 - root - INFO - Epoch 20; loss: 17.182607650756836; CER: 0.14828963577747345; WER: 0.3495810925960541; val_loss: 16.946311950683594; val_CER: 0.14141982793807983; val_WER: 0.3440279960632324
2023-08-22 12:21:15,596 - root - INFO - Epoch 21; loss: 17.421281814575195; CER: 0.15082938969135284; WER: 0.35103553533554077; val_loss: 19.277008056640625; val_CER: 0.3950413167476654; val_WER: 0.5647991299629211
2023-08-22 12:25:12,039 - root - INFO - Epoch 22; loss: 17.071331024169922; CER: 0.1495557427406311; WER: 0.34963199496269226; val_loss: 18.361495971679688; val_CER: 0.35503166913986206; val_WER: 0.5528597831726074
2023-08-22 12:29:08,798 - root - INFO - Epoch 23; loss: 16.704526901245117; CER: 0.14694996178150177; WER: 0.34672459959983826; val_loss: 16.53227996826172; val_CER: 0.11666016280651093; val_WER: 0.29691728949546814
2023-08-22 12:33:05,461 - root - INFO - Epoch 24; loss: 15.73607063293457; CER: 0.13720984756946564; WER: 0.33131036162376404; val_loss: 15.877608299255371; val_CER: 0.17159846425056458; val_WER: 0.35871705412864685
2023-08-22 12:37:02,320 - root - INFO - Epoch 25; loss: 15.842574119567871; CER: 0.13682353496551514; WER: 0.33110296726226807; val_loss: 19.12708282470703; val_CER: 0.11243186146020889; val_WER: 0.28771549463272095
2023-08-22 12:41:09,487 - root - INFO - Epoch 26; loss: 15.027787208557129; CER: 0.131045401096344; WER: 0.32052716612815857; val_loss: 14.185766220092773; val_CER: 0.11504635214805603; val_WER: 0.29412177205085754
2023-08-22 12:45:57,185 - root - INFO - Epoch 27; loss: 15.554705619812012; CER: 0.13375650346279144; WER: 0.3257245719432831; val_loss: 14.555428504943848; val_CER: 0.11404864490032196; val_WER: 0.2885199785232544
2023-08-22 12:49:56,721 - root - INFO - Epoch 28; loss: 17.554441452026367; CER: 0.15580588579177856; WER: 0.3619951605796814; val_loss: 15.40589714050293; val_CER: 0.12569095194339752; val_WER: 0.3120763897895813
2023-08-22 12:53:53,369 - root - INFO - Epoch 29; loss: 15.108190536499023; CER: 0.1303151398897171; WER: 0.32309967279434204; val_loss: 14.921442031860352; val_CER: 0.12426118552684784; val_WER: 0.2990150451660156
2023-08-22 12:57:49,842 - root - INFO - Epoch 30; loss: 17.70235252380371; CER: 0.15846233069896698; WER: 0.35454630851745605; val_loss: 16.739980697631836; val_CER: 0.1270381212234497; val_WER: 0.3101107180118561
2023-08-22 13:01:46,434 - root - INFO - Epoch 31; loss: 15.904524803161621; CER: 0.13967666029930115; WER: 0.3364882171154022; val_loss: 14.561808586120605; val_CER: 0.12183378636837006; val_WER: 0.30433693528175354
2023-08-22 13:05:42,875 - root - INFO - Epoch 32; loss: 18.1387882232666; CER: 0.15697182714939117; WER: 0.3602041006088257; val_loss: 15.809216499328613; val_CER: 0.12348715215921402; val_WER: 0.3035947382450104
2023-08-22 13:09:39,420 - root - INFO - Epoch 33; loss: 16.098886489868164; CER: 0.14008285105228424; WER: 0.337841272354126; val_loss: 14.574963569641113; val_CER: 0.11320893466472626; val_WER: 0.2892440855503082
2023-08-22 13:13:36,069 - root - INFO - Epoch 34; loss: 15.70738697052002; CER: 0.14449678361415863; WER: 0.34004107117652893; val_loss: 19.43631935119629; val_CER: 0.28738337755203247; val_WER: 0.4912149906158447
2023-08-22 13:17:33,010 - root - INFO - Epoch 35; loss: 14.565986633300781; CER: 0.1271861046552658; WER: 0.3187975585460663; val_loss: 14.518402099609375; val_CER: 0.10455462336540222; val_WER: 0.2765991687774658
2023-08-22 13:21:29,851 - root - INFO - Epoch 36; loss: 13.615662574768066; CER: 0.11776462197303772; WER: 0.3017739951610565; val_loss: 14.726730346679688; val_CER: 0.10389072448015213; val_WER: 0.27286335825920105
2023-08-22 13:25:26,340 - root - INFO - Epoch 37; loss: 12.683273315429688; CER: 0.10895775258541107; WER: 0.28733569383621216; val_loss: 12.88063907623291; val_CER: 0.11745202541351318; val_WER: 0.28861555457115173
2023-08-22 13:29:22,862 - root - INFO - Epoch 38; loss: 12.683375358581543; CER: 0.11132810264825821; WER: 0.28824734687805176; val_loss: 16.227745056152344; val_CER: 0.29958224296569824; val_WER: 0.47263115644454956
2023-08-22 13:33:19,482 - root - INFO - Epoch 39; loss: 13.784955978393555; CER: 0.12059055268764496; WER: 0.3061065971851349; val_loss: 13.022557258605957; val_CER: 0.10604886710643768; val_WER: 0.27627819776535034
2023-08-22 13:37:16,299 - root - INFO - Epoch 40; loss: 14.672701835632324; CER: 0.12752613425254822; WER: 0.31605368852615356; val_loss: 13.24399185180664; val_CER: 0.10411673784255981; val_WER: 0.2769171893596649
2023-08-22 13:41:13,184 - root - INFO - Epoch 41; loss: 12.679308891296387; CER: 0.10921382158994675; WER: 0.28751271963119507; val_loss: 12.333573341369629; val_CER: 0.09953727573156357; val_WER: 0.2659633159637451
2023-08-22 13:45:10,111 - root - INFO - Epoch 42; loss: 12.504631996154785; CER: 0.10379454493522644; WER: 0.28002873063087463; val_loss: 12.555874824523926; val_CER: 0.09519214928150177; val_WER: 0.25973886251449585
2023-08-22 13:49:06,639 - root - INFO - Epoch 43; loss: 12.289438247680664; CER: 0.1057041734457016; WER: 0.28075894713401794; val_loss: 12.782964706420898; val_CER: 0.10096073150634766; val_WER: 0.26738661527633667
2023-08-22 13:53:03,057 - root - INFO - Epoch 44; loss: 12.39188003540039; CER: 0.10578916221857071; WER: 0.2815389037132263; val_loss: 15.462690353393555; val_CER: 0.10149472951889038; val_WER: 0.2717789113521576
2023-08-22 13:56:59,587 - root - INFO - Epoch 45; loss: 11.96187973022461; CER: 0.10238173604011536; WER: 0.27489933371543884; val_loss: 30.117387771606445; val_CER: 0.6074485778808594; val_WER: 0.8417413234710693
2023-08-22 14:00:56,263 - root - INFO - Epoch 46; loss: 13.746024131774902; CER: 0.11933477967977524; WER: 0.30653443932533264; val_loss: 45.84274673461914; val_CER: 2.013947010040283; val_WER: 1.0246278047561646
2023-08-22 14:04:52,690 - root - INFO - Epoch 47; loss: 23.433547973632812; CER: 0.24947789311408997; WER: 0.4605552554130554; val_loss: 22.565597534179688; val_CER: 0.6041560769081116; val_WER: 0.7361674904823303
2023-08-22 14:08:49,428 - root - INFO - Epoch 48; loss: 20.809877395629883; CER: 0.20693202316761017; WER: 0.4209402799606323; val_loss: 18.62809181213379; val_CER: 0.14274346828460693; val_WER: 0.3367869555950165
2023-08-22 14:12:46,099 - root - INFO - Epoch 49; loss: 15.938087463378906; CER: 0.15087001025676727; WER: 0.3494747281074524; val_loss: 14.237956047058105; val_CER: 0.11673251539468765; val_WER: 0.2930641770362854
2023-08-22 14:16:46,297 - root - INFO - Epoch 50; loss: 14.038153648376465; CER: 0.12557049095630646; WER: 0.3169597387313843; val_loss: 12.841854095458984; val_CER: 0.10009877383708954; val_WER: 0.27140381932258606
2023-08-22 14:20:43,288 - root - INFO - Epoch 51; loss: 14.491998672485352; CER: 0.12502703070640564; WER: 0.31647998094558716; val_loss: 12.247687339782715; val_CER: 0.09974940121173859; val_WER: 0.27302369475364685
2023-08-22 14:24:42,678 - root - INFO - Epoch 52; loss: 12.06297779083252; CER: 0.1035265251994133; WER: 0.2814082205295563; val_loss: 12.577690124511719; val_CER: 0.10586892813444138; val_WER: 0.2744832932949066
2023-08-22 14:28:39,694 - root - INFO - Epoch 53; loss: 12.283222198486328; CER: 0.10575088113546371; WER: 0.28457406163215637; val_loss: 12.525453567504883; val_CER: 0.10175202786922455; val_WER: 0.2731797993183136
2023-08-22 14:32:36,346 - root - INFO - Epoch 54; loss: 13.744604110717773; CER: 0.12928499281406403; WER: 0.32287055253982544; val_loss: 13.263676643371582; val_CER: 0.10902192443609238; val_WER: 0.29128187894821167
2023-08-22 14:36:33,039 - root - INFO - Epoch 55; loss: 12.604351043701172; CER: 0.11224419623613358; WER: 0.2985150218009949; val_loss: 12.950818061828613; val_CER: 0.09691967070102692; val_WER: 0.2648760676383972
2023-08-22 14:40:30,020 - root - INFO - Epoch 56; loss: 12.069174766540527; CER: 0.1050126925110817; WER: 0.2868706285953522; val_loss: 11.960901260375977; val_CER: 0.09202118963003159; val_WER: 0.2558874785900116
2023-08-22 14:44:27,148 - root - INFO - Epoch 57; loss: 11.369390487670898; CER: 0.09652628004550934; WER: 0.26914647221565247; val_loss: 12.717903137207031; val_CER: 0.0910283699631691; val_WER: 0.25302281975746155
2023-08-22 14:48:23,925 - root - INFO - Epoch 58; loss: 12.509344100952148; CER: 0.1026654839515686; WER: 0.2768503725528717; val_loss: 13.953274726867676; val_CER: 0.10452006012201309; val_WER: 0.2694374620914459
2023-08-22 14:52:20,554 - root - INFO - Epoch 59; loss: 12.931546211242676; CER: 0.10360987484455109; WER: 0.2785401940345764; val_loss: 13.350701332092285; val_CER: 0.095900759100914; val_WER: 0.2567903697490692
2023-08-22 14:56:17,504 - root - INFO - Epoch 60; loss: 12.048025131225586; CER: 0.09723857045173645; WER: 0.26495689153671265; val_loss: 13.44868278503418; val_CER: 0.08957613259553909; val_WER: 0.24368783831596375
2023-08-22 15:00:15,348 - root - INFO - Epoch 61; loss: 11.39561653137207; CER: 0.09079132229089737; WER: 0.2545273005962372; val_loss: 12.07650375366211; val_CER: 0.08834469318389893; val_WER: 0.24128201603889465
2023-08-22 15:04:12,077 - root - INFO - Epoch 62; loss: 10.940485954284668; CER: 0.0867394283413887; WER: 0.24756872653961182; val_loss: 12.280533790588379; val_CER: 0.08898398280143738; val_WER: 0.24203379452228546
2023-08-22 15:08:09,747 - root - INFO - Epoch 63; loss: 11.1077880859375; CER: 0.09051947295665741; WER: 0.2535923421382904; val_loss: 12.864137649536133; val_CER: 0.0961056649684906; val_WER: 0.25512099266052246
2023-08-22 15:12:06,719 - root - INFO - Epoch 64; loss: 12.135795593261719; CER: 0.10079774260520935; WER: 0.27496930956840515; val_loss: 12.940357208251953; val_CER: 0.09511540830135345; val_WER: 0.25654053688049316
2023-08-22 15:16:03,421 - root - INFO - Epoch 65; loss: 10.892866134643555; CER: 0.09196481853723526; WER: 0.25608956813812256; val_loss: 71.78279113769531; val_CER: 0.943820595741272; val_WER: 0.9905667901039124
2023-08-22 15:20:00,360 - root - INFO - Epoch 66; loss: 11.021584510803223; CER: 0.0930183157324791; WER: 0.26089638471603394; val_loss: 69.61771392822266; val_CER: 0.8934730887413025; val_WER: 0.9912272691726685
2023-08-22 15:23:57,151 - root - INFO - Epoch 67; loss: 11.746590614318848; CER: 0.09888502955436707; WER: 0.2680354714393616; val_loss: 13.048994064331055; val_CER: 0.09770195186138153; val_WER: 0.25733456015586853
2023-08-22 15:27:54,095 - root - INFO - Epoch 68; loss: 11.308601379394531; CER: 0.09080827236175537; WER: 0.25733959674835205; val_loss: 14.029802322387695; val_CER: 0.09393393993377686; val_WER: 0.25198057293891907
2023-08-22 15:31:52,179 - root - INFO - Epoch 69; loss: 11.074238777160645; CER: 0.0923645943403244; WER: 0.25656548142433167; val_loss: 11.40127182006836; val_CER: 0.09409704059362411; val_WER: 0.24824410676956177
2023-08-22 15:35:49,033 - root - INFO - Epoch 70; loss: 10.692819595336914; CER: 0.0872708186507225; WER: 0.24959364533424377; val_loss: 12.834900856018066; val_CER: 0.09130249172449112; val_WER: 0.24359384179115295
2023-08-22 15:39:45,925 - root - INFO - Epoch 71; loss: 9.983756065368652; CER: 0.08180039376020432; WER: 0.23460137844085693; val_loss: 43.45848846435547; val_CER: 2.010085344314575; val_WER: 1.1856440305709839
2023-08-22 15:43:42,988 - root - INFO - Epoch 72; loss: 9.889755249023438; CER: 0.08087044209241867; WER: 0.23697718977928162; val_loss: 40.9756965637207; val_CER: 0.7502373456954956; val_WER: 0.9297455549240112
2023-08-22 15:47:40,102 - root - INFO - Epoch 73; loss: 9.321216583251953; CER: 0.07657308131456375; WER: 0.22635647654533386; val_loss: 13.694058418273926; val_CER: 0.08370567113161087; val_WER: 0.23049533367156982
2023-08-22 15:51:36,997 - root - INFO - Epoch 74; loss: 10.38794231414795; CER: 0.0806291475892067; WER: 0.23227104544639587; val_loss: 12.179847717285156; val_CER: 0.09516176581382751; val_WER: 0.24897722899913788
2023-08-22 15:55:34,238 - root - INFO - Epoch 75; loss: 10.78485107421875; CER: 0.08822257071733475; WER: 0.24694949388504028; val_loss: 23.583093643188477; val_CER: 0.9060547351837158; val_WER: 0.7951873540878296
2023-08-22 15:59:31,196 - root - INFO - Epoch 76; loss: 11.801456451416016; CER: 0.10683511197566986; WER: 0.283057302236557; val_loss: 15.59111213684082; val_CER: 0.3060259222984314; val_WER: 0.4620809257030487
2023-08-22 16:03:27,973 - root - INFO - Epoch 77; loss: 13.991775512695312; CER: 0.12382446974515915; WER: 0.3071751594543457; val_loss: 20.45487403869629; val_CER: 0.18978635966777802; val_WER: 0.3931690454483032
2023-08-22 16:07:24,800 - root - INFO - Epoch 78; loss: 13.649383544921875; CER: 0.1106467917561531; WER: 0.28970497846603394; val_loss: 12.896546363830566; val_CER: 0.09207187592983246; val_WER: 0.2449723780155182
2023-08-22 16:11:22,815 - root - INFO - Epoch 79; loss: 11.372403144836426; CER: 0.09021367132663727; WER: 0.2567698359489441; val_loss: 12.078654289245605; val_CER: 0.08548959344625473; val_WER: 0.23629219830036163
2023-08-22 16:15:21,191 - root - INFO - Epoch 80; loss: 10.504048347473145; CER: 0.08307234197854996; WER: 0.24121074378490448; val_loss: 12.492636680603027; val_CER: 0.08366938680410385; val_WER: 0.23237201571464539
2023-08-22 16:19:18,083 - root - INFO - Epoch 81; loss: 10.2105073928833; CER: 0.08070971071720123; WER: 0.2335609495639801; val_loss: 13.082853317260742; val_CER: 0.09372047334909439; val_WER: 0.24762485921382904
2023-08-22 16:23:15,056 - root - INFO - Epoch 82; loss: 10.292442321777344; CER: 0.08099622279405594; WER: 0.23599621653556824; val_loss: 11.355220794677734; val_CER: 0.08282231539487839; val_WER: 0.22845646739006042
2023-08-22 16:27:13,060 - root - INFO - Epoch 83; loss: 9.116541862487793; CER: 0.07424338907003403; WER: 0.22429989278316498; val_loss: 10.519084930419922; val_CER: 0.0811164528131485; val_WER: 0.2280411571264267
2023-08-22 16:31:10,144 - root - INFO - Epoch 84; loss: 9.009350776672363; CER: 0.07436772435903549; WER: 0.22358353435993195; val_loss: 11.135740280151367; val_CER: 0.08209461718797684; val_WER: 0.22669915854930878
2023-08-22 16:35:08,913 - root - INFO - Epoch 85; loss: 9.129545211791992; CER: 0.07490681856870651; WER: 0.22411957383155823; val_loss: 10.994620323181152; val_CER: 0.07937797158956528; val_WER: 0.2225266396999359
2023-08-22 16:39:05,837 - root - INFO - Epoch 86; loss: 10.538148880004883; CER: 0.0894312709569931; WER: 0.24830672144889832; val_loss: 12.419570922851562; val_CER: 0.08431928604841232; val_WER: 0.23012156784534454
2023-08-22 16:43:03,435 - root - INFO - Epoch 87; loss: 9.979312896728516; CER: 0.080840565264225; WER: 0.23729349672794342; val_loss: 11.1628999710083; val_CER: 0.08061444014310837; val_WER: 0.2243078351020813
2023-08-22 16:47:03,821 - root - INFO - Epoch 88; loss: 9.32739543914795; CER: 0.0769660472869873; WER: 0.22683833539485931; val_loss: 41.113468170166016; val_CER: 0.6232191920280457; val_WER: 0.8838621973991394
2023-08-22 16:51:00,998 - root - INFO - Epoch 89; loss: 9.007469177246094; CER: 0.07545436918735504; WER: 0.22333884239196777; val_loss: 11.613083839416504; val_CER: 0.08928646147251129; val_WER: 0.23709699511528015
2023-08-22 16:54:58,043 - root - INFO - Epoch 90; loss: 9.70036506652832; CER: 0.08139528334140778; WER: 0.23777198791503906; val_loss: 12.691561698913574; val_CER: 0.08323130756616592; val_WER: 0.2308655083179474
2023-08-22 16:58:57,270 - root - INFO - Epoch 91; loss: 8.601069450378418; CER: 0.0707438513636589; WER: 0.21491830050945282; val_loss: 12.152777671813965; val_CER: 0.08017393946647644; val_WER: 0.2248752862215042
2023-08-22 17:03:19,292 - root - INFO - Epoch 92; loss: 9.221129417419434; CER: 0.0741761103272438; WER: 0.22030009329319; val_loss: 11.39238452911377; val_CER: 0.08105868846178055; val_WER: 0.22427642345428467
2023-08-22 17:07:53,085 - root - INFO - Epoch 93; loss: 9.615225791931152; CER: 0.07988595217466354; WER: 0.2335577756166458; val_loss: 10.785367965698242; val_CER: 0.08175531774759293; val_WER: 0.2266237735748291
2023-08-22 17:11:47,420 - root - INFO - Epoch 94; loss: 8.568854331970215; CER: 0.07043968141078949; WER: 0.2151949554681778; val_loss: 11.543187141418457; val_CER: 0.08311386406421661; val_WER: 0.230949267745018
2023-08-22 17:15:41,725 - root - INFO - Epoch 95; loss: 8.525979042053223; CER: 0.07052302360534668; WER: 0.21390269696712494; val_loss: 10.930719375610352; val_CER: 0.07867741584777832; val_WER: 0.22260026633739471
2023-08-22 17:20:03,403 - root - INFO - Epoch 96; loss: 9.874582290649414; CER: 0.08331258594989777; WER: 0.23659709095954895; val_loss: 12.154610633850098; val_CER: 0.09131280332803726; val_WER: 0.2420099824666977
2023-08-22 17:24:49,195 - root - INFO - Epoch 97; loss: 9.696647644042969; CER: 0.08083761483430862; WER: 0.23476754128932953; val_loss: 12.56139087677002; val_CER: 0.09777767956256866; val_WER: 0.25689831376075745
2023-08-22 17:29:47,297 - root - INFO - Epoch 98; loss: 11.273391723632812; CER: 0.10082171112298965; WER: 0.2672271132469177; val_loss: 11.227400779724121; val_CER: 0.08088722825050354; val_WER: 0.22958581149578094
2023-08-22 17:34:54,156 - root - INFO - Epoch 99; loss: 9.94587516784668; CER: 0.08782060444355011; WER: 0.2463492453098297; val_loss: 11.188658714294434; val_CER: 0.08855798095464706; val_WER: 0.24643781781196594
2023-08-22 17:39:45,828 - root - INFO - Epoch 100; loss: 9.058819770812988; CER: 0.07523392140865326; WER: 0.22517244517803192; val_loss: 11.94337272644043; val_CER: 0.07917533814907074; val_WER: 0.2238263338804245
2023-08-22 17:44:11,271 - root - INFO - Epoch 101; loss: 8.55746841430664; CER: 0.07164269685745239; WER: 0.2170926183462143; val_loss: 10.49674129486084; val_CER: 0.07663030922412872; val_WER: 0.21498574316501617
2023-08-22 17:48:45,960 - root - INFO - Epoch 102; loss: 9.574021339416504; CER: 0.07897056639194489; WER: 0.23012566566467285; val_loss: 11.940454483032227; val_CER: 0.0813538208603859; val_WER: 0.22816260159015656
2023-08-22 17:53:26,476 - root - INFO - Epoch 103; loss: 11.594491958618164; CER: 0.11399905383586884; WER: 0.28946343064308167; val_loss: 12.195145606994629; val_CER: 0.085778146982193; val_WER: 0.23700812458992004
2023-08-22 17:58:08,705 - root - INFO - Epoch 104; loss: 8.832375526428223; CER: 0.07583343982696533; WER: 0.2260419726371765; val_loss: 18.093334197998047; val_CER: 0.8748593330383301; val_WER: 0.7017613053321838
2023-08-22 18:02:33,369 - root - INFO - Epoch 105; loss: 9.015398025512695; CER: 0.07677750289440155; WER: 0.22585159540176392; val_loss: 10.768804550170898; val_CER: 0.08509921282529831; val_WER: 0.23878802359104156
2023-08-22 18:06:35,846 - root - INFO - Epoch 106; loss: 11.007323265075684; CER: 0.08970945328474045; WER: 0.2524705231189728; val_loss: 11.299835205078125; val_CER: 0.08655750006437302; val_WER: 0.23437492549419403
2023-08-22 18:10:38,494 - root - INFO - Epoch 107; loss: 10.116612434387207; CER: 0.07878856360912323; WER: 0.23153921961784363; val_loss: 11.630382537841797; val_CER: 0.07937052845954895; val_WER: 0.2242899388074875
2023-08-22 18:14:41,743 - root - INFO - Epoch 108; loss: 8.869315147399902; CER: 0.06897102296352386; WER: 0.2100169062614441; val_loss: 11.024155616760254; val_CER: 0.07702379673719406; val_WER: 0.215998113155365
2023-08-22 18:18:44,534 - root - INFO - Epoch 109; loss: 9.377350807189941; CER: 0.07656089216470718; WER: 0.22350525856018066; val_loss: 11.95425796508789; val_CER: 0.07754025608301163; val_WER: 0.21765485405921936
2023-08-22 18:22:46,629 - root - INFO - Epoch 110; loss: 8.776174545288086; CER: 0.06945811957120895; WER: 0.2096223682165146; val_loss: 11.31680965423584; val_CER: 0.079322949051857; val_WER: 0.21948231756687164
2023-08-22 18:26:49,001 - root - INFO - Epoch 111; loss: 8.583514213562012; CER: 0.06783805787563324; WER: 0.20533932745456696; val_loss: 11.145747184753418; val_CER: 0.07436706870794296; val_WER: 0.20881572365760803
2023-08-22 18:30:51,045 - root - INFO - Epoch 112; loss: 8.376908302307129; CER: 0.06582838296890259; WER: 0.20343708992004395; val_loss: 51.103721618652344; val_CER: 1.7772549390792847; val_WER: 1.4429450035095215
2023-08-22 18:34:53,186 - root - INFO - Epoch 113; loss: 9.467552185058594; CER: 0.07538377493619919; WER: 0.22684933245182037; val_loss: 11.26931381225586; val_CER: 0.0778123214840889; val_WER: 0.21600137650966644
2023-08-22 18:38:55,330 - root - INFO - Epoch 114; loss: 8.459823608398438; CER: 0.06667192280292511; WER: 0.2045036107301712; val_loss: 11.861419677734375; val_CER: 0.08048093318939209; val_WER: 0.22174163162708282
2023-08-22 18:42:57,268 - root - INFO - Epoch 115; loss: 8.685832977294922; CER: 0.06855557858943939; WER: 0.20784364640712738; val_loss: 10.960911750793457; val_CER: 0.07571733742952347; val_WER: 0.21215370297431946
2023-08-22 18:46:59,964 - root - INFO - Epoch 116; loss: 8.547637939453125; CER: 0.06773395091295242; WER: 0.2063385546207428; val_loss: 12.258194923400879; val_CER: 0.08018086105585098; val_WER: 0.22335630655288696
2023-08-22 18:51:03,093 - root - INFO - Epoch 117; loss: 8.692458152770996; CER: 0.07025023549795151; WER: 0.21271416544914246; val_loss: 18.248811721801758; val_CER: 0.869861364364624; val_WER: 0.8580996990203857
2023-08-22 18:55:05,210 - root - INFO - Epoch 118; loss: 8.59178352355957; CER: 0.07030313462018967; WER: 0.21437305212020874; val_loss: 12.798996925354004; val_CER: 0.08065193891525269; val_WER: 0.2228667289018631
2023-08-22 18:59:07,421 - root - INFO - Epoch 119; loss: 8.398466110229492; CER: 0.06848005950450897; WER: 0.2104044109582901; val_loss: 11.844633102416992; val_CER: 0.07825766503810883; val_WER: 0.22049447894096375
2023-08-22 19:03:09,667 - root - INFO - Epoch 120; loss: 8.172505378723145; CER: 0.06503521651029587; WER: 0.2026086449623108; val_loss: 11.77560043334961; val_CER: 0.07685381919145584; val_WER: 0.2160697728395462
2023-08-22 19:07:12,990 - root - INFO - Epoch 121; loss: 12.242605209350586; CER: 0.10418442636728287; WER: 0.2735278606414795; val_loss: 13.447001457214355; val_CER: 0.08914616703987122; val_WER: 0.24156078696250916
2023-08-22 19:11:15,411 - root - INFO - Epoch 122; loss: 9.158199310302734; CER: 0.0760200098156929; WER: 0.22598876059055328; val_loss: 10.518274307250977; val_CER: 0.08034533262252808; val_WER: 0.22564992308616638
2023-08-22 19:15:17,784 - root - INFO - Epoch 123; loss: 8.007728576660156; CER: 0.06737671792507172; WER: 0.20714417099952698; val_loss: 11.461058616638184; val_CER: 0.07597336173057556; val_WER: 0.2139672487974167
2023-08-22 19:19:20,162 - root - INFO - Epoch 124; loss: 7.519620418548584; CER: 0.061704766005277634; WER: 0.19542331993579865; val_loss: 11.800522804260254; val_CER: 0.08075866848230362; val_WER: 0.22018001973628998
2023-08-22 19:23:22,324 - root - INFO - Epoch 125; loss: 7.313488960266113; CER: 0.059889089316129684; WER: 0.19030502438545227; val_loss: 11.463956832885742; val_CER: 0.07501435279846191; val_WER: 0.2122131735086441
2023-08-22 19:27:24,467 - root - INFO - Epoch 126; loss: 8.303590774536133; CER: 0.07059991359710693; WER: 0.21291327476501465; val_loss: 12.4774808883667; val_CER: 0.08970307558774948; val_WER: 0.24024048447608948
2023-08-22 19:31:27,466 - root - INFO - Epoch 127; loss: 7.691585063934326; CER: 0.06268902868032455; WER: 0.1970955729484558; val_loss: 11.18809700012207; val_CER: 0.0728178545832634; val_WER: 0.20951759815216064
2023-08-22 19:35:29,690 - root - INFO - Epoch 128; loss: 7.720375061035156; CER: 0.0617646649479866; WER: 0.1941719651222229; val_loss: 10.69594669342041; val_CER: 0.07459293305873871; val_WER: 0.21138396859169006
2023-08-22 19:39:31,879 - root - INFO - Epoch 129; loss: 7.309636116027832; CER: 0.06017766147851944; WER: 0.19046473503112793; val_loss: 11.12282657623291; val_CER: 0.07813600450754166; val_WER: 0.21701301634311676
2023-08-22 19:43:34,053 - root - INFO - Epoch 130; loss: 8.159414291381836; CER: 0.06500429660081863; WER: 0.19980685412883759; val_loss: 11.699518203735352; val_CER: 0.10270537436008453; val_WER: 0.2428569495677948
2023-08-22 19:47:36,202 - root - INFO - Epoch 131; loss: 7.355601787567139; CER: 0.060884810984134674; WER: 0.1930084526538849; val_loss: 12.04436206817627; val_CER: 0.07412374019622803; val_WER: 0.21196897327899933
2023-08-22 19:51:38,413 - root - INFO - Epoch 132; loss: 7.296404838562012; CER: 0.058781031519174576; WER: 0.18914541602134705; val_loss: 19.29941749572754; val_CER: 0.699865460395813; val_WER: 0.6848341822624207
2023-08-22 19:55:40,636 - root - INFO - Epoch 133; loss: 7.356893539428711; CER: 0.06329351663589478; WER: 0.19548366963863373; val_loss: 10.549176216125488; val_CER: 0.0828094631433487; val_WER: 0.2226710021495819
2023-08-22 19:59:42,882 - root - INFO - Epoch 134; loss: 7.6007771492004395; CER: 0.062149159610271454; WER: 0.19696541130542755; val_loss: 16.934066772460938; val_CER: 0.6329423189163208; val_WER: 0.6790924668312073
2023-08-22 20:03:45,092 - root - INFO - Epoch 135; loss: 7.827010631561279; CER: 0.06412265449762344; WER: 0.20369836688041687; val_loss: 12.870781898498535; val_CER: 0.07919789850711823; val_WER: 0.21789805591106415
2023-08-22 20:07:47,376 - root - INFO - Epoch 136; loss: 7.575456619262695; CER: 0.06111881136894226; WER: 0.19320957362651825; val_loss: 27.673282623291016; val_CER: 1.1797384023666382; val_WER: 0.904435932636261
2023-08-22 20:11:49,915 - root - INFO - Epoch 137; loss: 7.296594142913818; CER: 0.05916839465498924; WER: 0.18681810796260834; val_loss: 10.37022876739502; val_CER: 0.07263721525669098; val_WER: 0.2059190273284912
2023-08-22 20:15:52,108 - root - INFO - Epoch 138; loss: 7.502298831939697; CER: 0.06138667091727257; WER: 0.19327391684055328; val_loss: 14.652128219604492; val_CER: 0.08529721200466156; val_WER: 0.22980935871601105
2023-08-22 20:19:54,142 - root - INFO - Epoch 139; loss: 9.13446044921875; CER: 0.07273612171411514; WER: 0.21631544828414917; val_loss: 10.904075622558594; val_CER: 0.08440394699573517; val_WER: 0.22253002226352692
2023-08-22 20:23:57,154 - root - INFO - Epoch 140; loss: 7.794210433959961; CER: 0.0611623153090477; WER: 0.19463542103767395; val_loss: 13.163089752197266; val_CER: 0.08584307879209518; val_WER: 0.22696466743946075
2023-08-22 20:27:59,417 - root - INFO - Epoch 141; loss: 7.810055255889893; CER: 0.06483597308397293; WER: 0.20086684823036194; val_loss: 37.51022720336914; val_CER: 1.2651227712631226; val_WER: 0.9700811505317688
2023-08-22 20:32:01,648 - root - INFO - Epoch 142; loss: 7.901618003845215; CER: 0.0665879100561142; WER: 0.2082706242799759; val_loss: 10.590662002563477; val_CER: 0.07555508613586426; val_WER: 0.21354557573795319
2023-08-22 20:36:03,979 - root - INFO - Epoch 143; loss: 7.551681995391846; CER: 0.06281854212284088; WER: 0.20012764632701874; val_loss: 10.477519989013672; val_CER: 0.07476992905139923; val_WER: 0.2106994390487671
2023-08-22 20:40:06,042 - root - INFO - Epoch 144; loss: 7.102566719055176; CER: 0.058243073523044586; WER: 0.18753670156002045; val_loss: 11.186384201049805; val_CER: 0.07545129209756851; val_WER: 0.21010901033878326
2023-08-22 20:44:08,497 - root - INFO - Epoch 145; loss: 7.53925895690918; CER: 0.06261079013347626; WER: 0.1989912986755371; val_loss: 10.420225143432617; val_CER: 0.07470415532588959; val_WER: 0.20991544425487518
2023-08-22 20:48:10,804 - root - INFO - Epoch 146; loss: 7.306110382080078; CER: 0.06046188250184059; WER: 0.1927136778831482; val_loss: 11.234560012817383; val_CER: 0.09688767045736313; val_WER: 0.24378763139247894
2023-08-22 20:52:13,042 - root - INFO - Epoch 147; loss: 7.365054130554199; CER: 0.061831336468458176; WER: 0.1969056874513626; val_loss: 11.985222816467285; val_CER: 0.07615065574645996; val_WER: 0.21242018043994904
2023-08-22 20:56:15,231 - root - INFO - Epoch 148; loss: 7.620240211486816; CER: 0.06175003573298454; WER: 0.19587798416614532; val_loss: 14.263001441955566; val_CER: 0.5417377352714539; val_WER: 0.568099856376648
2023-08-22 21:00:17,542 - root - INFO - Epoch 149; loss: 6.849668502807617; CER: 0.05528194084763527; WER: 0.18105140328407288; val_loss: 11.616785049438477; val_CER: 0.07551182806491852; val_WER: 0.21164773404598236
2023-08-22 21:04:19,854 - root - INFO - Epoch 150; loss: 6.91592264175415; CER: 0.057111769914627075; WER: 0.18487893044948578; val_loss: 20.32765769958496; val_CER: 0.7846550941467285; val_WER: 0.675322949886322
2023-08-22 21:08:33,158 - root - INFO - Epoch 151; loss: 7.131036758422852; CER: 0.060012463480234146; WER: 0.19141703844070435; val_loss: 11.467364311218262; val_CER: 0.07971074432134628; val_WER: 0.2239404171705246
2023-08-22 21:13:23,027 - root - INFO - Epoch 152; loss: 7.0880889892578125; CER: 0.05837346613407135; WER: 0.1883750855922699; val_loss: 11.50417709350586; val_CER: 0.07088182866573334; val_WER: 0.20216789841651917
2023-08-22 21:18:36,320 - root - INFO - Epoch 153; loss: 6.848418712615967; CER: 0.05589129030704498; WER: 0.18242938816547394; val_loss: 11.394134521484375; val_CER: 0.07027652859687805; val_WER: 0.200758695602417
2023-08-22 21:23:11,691 - root - INFO - Epoch 154; loss: 7.040791034698486; CER: 0.05525566637516022; WER: 0.1795494109392166; val_loss: 10.951399803161621; val_CER: 0.07347263395786285; val_WER: 0.20486688613891602
2023-08-22 21:28:40,128 - root - INFO - Epoch 155; loss: 6.936850547790527; CER: 0.05648822709918022; WER: 0.18333159387111664; val_loss: 42.509944915771484; val_CER: 0.9265186786651611; val_WER: 0.9368875622749329
2023-08-22 21:34:34,019 - root - INFO - Epoch 156; loss: 7.260746479034424; CER: 0.06014912948012352; WER: 0.1880611777305603; val_loss: 11.386480331420898; val_CER: 0.0729261115193367; val_WER: 0.20563340187072754
2023-08-22 21:41:29,281 - root - INFO - Epoch 157; loss: 7.66180419921875; CER: 0.06253624707460403; WER: 0.19590748846530914; val_loss: 10.862072944641113; val_CER: 0.07775046676397324; val_WER: 0.21328267455101013
2023-08-22 21:47:01,883 - root - INFO - Epoch 158; loss: 6.653552532196045; CER: 0.05547928437590599; WER: 0.1797882318496704; val_loss: 10.173697471618652; val_CER: 0.07111837714910507; val_WER: 0.20396335422992706
2023-08-22 21:51:53,516 - root - INFO - Epoch 159; loss: 7.1898512840271; CER: 0.060343414545059204; WER: 0.190984845161438; val_loss: 9.993834495544434; val_CER: 0.07314906269311905; val_WER: 0.21309401094913483
2023-08-22 21:56:38,584 - root - INFO - Epoch 160; loss: 6.56227970123291; CER: 0.053776200860738754; WER: 0.17676328122615814; val_loss: 10.516398429870605; val_CER: 0.0704585462808609; val_WER: 0.20203809440135956
2023-08-22 22:01:21,996 - root - INFO - Epoch 161; loss: 8.429156303405762; CER: 0.08947242051362991; WER: 0.23833276331424713; val_loss: 12.109926223754883; val_CER: 0.08622720092535019; val_WER: 0.23079459369182587
2023-08-22 22:06:10,851 - root - INFO - Epoch 162; loss: 7.092433929443359; CER: 0.06165492534637451; WER: 0.19371895492076874; val_loss: 9.896015167236328; val_CER: 0.07324129343032837; val_WER: 0.20673666894435883
2023-08-22 22:10:39,339 - root - INFO - Epoch 163; loss: 8.027984619140625; CER: 0.0648459866642952; WER: 0.20110653340816498; val_loss: 15.749075889587402; val_CER: 0.13231614232063293; val_WER: 0.3168415129184723
2023-08-22 22:14:40,927 - root - INFO - Epoch 164; loss: 8.003090858459473; CER: 0.06862388551235199; WER: 0.21183399856090546; val_loss: 10.929336547851562; val_CER: 0.07385013997554779; val_WER: 0.20985622704029083
2023-08-22 22:18:43,488 - root - INFO - Epoch 165; loss: 6.871655464172363; CER: 0.05603969469666481; WER: 0.18339404463768005; val_loss: 10.682491302490234; val_CER: 0.07229362428188324; val_WER: 0.20503954589366913
2023-08-22 22:22:45,202 - root - INFO - Epoch 166; loss: 6.454250812530518; CER: 0.05272889882326126; WER: 0.174518883228302; val_loss: 10.333802223205566; val_CER: 0.07192922383546829; val_WER: 0.20210795104503632
2023-08-22 22:26:46,942 - root - INFO - Epoch 167; loss: 6.7893500328063965; CER: 0.05637598782777786; WER: 0.18188504874706268; val_loss: 10.27213191986084; val_CER: 0.07153641432523727; val_WER: 0.20143970847129822
2023-08-22 22:30:48,548 - root - INFO - Epoch 168; loss: 6.814968585968018; CER: 0.05485595017671585; WER: 0.17732754349708557; val_loss: 56.096309661865234; val_CER: 0.8992800712585449; val_WER: 0.9405575394630432
2023-08-22 22:34:52,409 - root - INFO - Epoch 169; loss: 8.492032051086426; CER: 0.06762619316577911; WER: 0.2086816430091858; val_loss: 11.442709922790527; val_CER: 0.07501337677240372; val_WER: 0.20739077031612396
2023-08-22 22:38:55,502 - root - INFO - Epoch 170; loss: 7.062650203704834; CER: 0.0570974200963974; WER: 0.18535472452640533; val_loss: 10.844441413879395; val_CER: 0.07331164926290512; val_WER: 0.20520631968975067
2023-08-22 22:42:58,279 - root - INFO - Epoch 171; loss: 7.541615962982178; CER: 0.061215002089738846; WER: 0.19217216968536377; val_loss: 14.04830265045166; val_CER: 0.13904115557670593; val_WER: 0.3203502297401428
2023-08-22 22:47:12,398 - root - INFO - Epoch 172; loss: 8.078113555908203; CER: 0.06788142770528793; WER: 0.20989614725112915; val_loss: 10.632963180541992; val_CER: 0.0738544687628746; val_WER: 0.20973670482635498
2023-08-22 22:51:21,856 - root - INFO - Epoch 173; loss: 7.170525074005127; CER: 0.05893407762050629; WER: 0.1892494559288025; val_loss: 10.545516967773438; val_CER: 0.07358410209417343; val_WER: 0.20756182074546814
2023-08-22 22:51:23,857 - tf2onnx.tfonnx - INFO - Using tensorflow=2.10.0, onnx=1.12.0, tf2onnx=1.14.0/8f8d49
2023-08-22 22:51:23,857 - tf2onnx.tfonnx - INFO - Using opset <onnx, 15>
2023-08-22 22:51:24,009 - tf2onnx.tf_utils - INFO - Computed 0 values for constant folding
2023-08-22 22:51:24,012 - tf2onnx.tf_utils - INFO - Computed 0 values for constant folding
2023-08-22 22:51:24,017 - tf2onnx.tf_utils - INFO - Computed 0 values for constant folding
2023-08-22 22:51:24,022 - tf2onnx.tf_utils - INFO - Computed 0 values for constant folding
2023-08-22 22:51:24,024 - tf2onnx.tf_utils - INFO - Computed 0 values for constant folding
2023-08-22 22:51:24,025 - tf2onnx.tf_utils - INFO - Computed 0 values for constant folding
2023-08-22 22:51:24,028 - tf2onnx.tf_utils - INFO - Computed 0 values for constant folding
2023-08-22 22:51:24,034 - tf2onnx.tf_utils - INFO - Computed 0 values for constant folding
2023-08-22 22:51:24,091 - tf2onnx.tf_utils - INFO - Computed 2 values for constant folding
2023-08-22 22:51:24,197 - tf2onnx.tfonnx - INFO - folding node using tf type=StridedSlice, name=model/bidirectional/forward_lstm/PartitionedCall/strided_slice
2023-08-22 22:51:24,197 - tf2onnx.tfonnx - INFO - folding node using tf type=StridedSlice, name=model/bidirectional/backward_lstm/PartitionedCall/strided_slice
2023-08-22 22:51:24,556 - tf2onnx.optimizer - INFO - Optimizing ONNX model
2023-08-22 22:51:25,308 - tf2onnx.optimizer - INFO - After optimization: BatchNormalization -18 (18->0), Cast -8 (17->9), Concat -8 (17->9), Const -173 (243->70), Expand -6 (8->2), Gather +3 (2->5), Identity -2 (2->0), Shape -2 (6->4), Slice -2 (9->7), Squeeze -5 (9->4), Transpose -86 (90->4), Unsqueeze -25 (29->4)
